<?xml version="1.0" encoding="UTF-8"?>
<testsuite name="Portal empleos choucair" tests="1" skipped="0" failures="0" errors="0" timestamp="2021-06-04T19:30:22" hostname="DESKTOP-S2IR0CO" time="29.913">
  <properties/>
  <testcase name="Busqueda exitosa empleo choucair" classname="Portal empleos choucair" time="29.913"/>
  <system-out><![CDATA[]]></system-out>
  <system-err><![CDATA[[Test worker] WARN net.thucydides.core.steps.BaseStepListener - stepStarted: net.thucydides.core.steps.ExecutedStepDescription@54f55e2a
[Test worker] WARN net.thucydides.core.steps.BaseStepListener - stepStarted: net.thucydides.core.steps.ExecutedStepDescription@2a14eed6
[Test worker] WARN net.thucydides.core.steps.BaseStepListener - stepStarted: net.thucydides.core.steps.ExecutedStepDescription@892f52c
jun 04, 2021 2:30:23 PM org.openqa.selenium.remote.DesiredCapabilities chrome
INFORMACIÓN: Using `new ChromeOptions()` is preferred to `DesiredCapabilities.chrome()`
[Test worker] INFO net.serenitybdd.core.webdriver.driverproviders.ProvideNewDriver - Instantiating driver
[Test worker] INFO net.serenitybdd.core.webdriver.driverproviders.ProvideNewDriver - Driver capabilities: Capabilities {acceptInsecureCerts: false, browserName: chrome, chrome.switches: --start-maximized, goog:chromeOptions: {args: [--start-maximized], extensions: []}, loggingPrefs: org.openqa.selenium.logging..., platform: ANY, version: }
Starting ChromeDriver 90.0.4430.24 (4c6d850f087da467d926e8eddb76550aed655991-refs/branch-heads/4430@{#429}) on port 35988
Only local connections are allowed.
Please see https://chromedriver.chromium.org/security-considerations for suggestions on keeping ChromeDriver safe.
ChromeDriver was started successfully.
jun 04, 2021 2:30:26 PM org.openqa.selenium.remote.ProtocolHandshake createSession
INFORMACIÓN: Detected dialect: W3C
[Test worker] WARN net.thucydides.core.steps.BaseStepListener - stepFinished: current outcome:Busqueda exitosa empleo choucair:Dado que Arle quiere ingresar al portal de empleos de choucair [Arle abrir [Arle opens the La pagina de inicio]]
[Test worker] WARN net.thucydides.core.steps.BaseStepListener - stepFinished: current outcome:Busqueda exitosa empleo choucair:Dado que Arle quiere ingresar al portal de empleos de choucair [Arle abrir [Arle opens the La pagina de inicio]]
[Test worker] WARN net.thucydides.core.steps.BaseStepListener - stepFinished: current outcome:Busqueda exitosa empleo choucair:Dado que Arle quiere ingresar al portal de empleos de choucair [Arle abrir [Arle opens the La pagina de inicio]]
[Test worker] WARN net.thucydides.core.steps.BaseStepListener - stepStarted: net.thucydides.core.steps.ExecutedStepDescription@622809e6
[Test worker] WARN net.thucydides.core.steps.BaseStepListener - stepStarted: net.thucydides.core.steps.ExecutedStepDescription@5b301e0c
[Test worker] WARN net.thucydides.core.steps.BaseStepListener - stepStarted: net.thucydides.core.steps.ExecutedStepDescription@75d966f9
[Test worker] WARN net.thucydides.core.steps.BaseStepListener - stepFinished: current outcome:Busqueda exitosa empleo choucair:Dado que Arle quiere ingresar al portal de empleos de choucair [Arle abrir [Arle opens the La pagina de inicio]], Y e ingresa a la opcion empleo [Arle abrir la seccion empleo [Arle clicks on Opcion  empleo]]
[Test worker] WARN net.thucydides.core.steps.BaseStepListener - stepFinished: current outcome:Busqueda exitosa empleo choucair:Dado que Arle quiere ingresar al portal de empleos de choucair [Arle abrir [Arle opens the La pagina de inicio]], Y e ingresa a la opcion empleo [Arle abrir la seccion empleo [Arle clicks on Opcion  empleo]]
[Test worker] WARN net.thucydides.core.steps.BaseStepListener - stepFinished: current outcome:Busqueda exitosa empleo choucair:Dado que Arle quiere ingresar al portal de empleos de choucair [Arle abrir [Arle opens the La pagina de inicio]], Y e ingresa a la opcion empleo [Arle abrir la seccion empleo [Arle clicks on Opcion  empleo]]
[Test worker] WARN net.thucydides.core.steps.BaseStepListener - stepStarted: net.thucydides.core.steps.ExecutedStepDescription@76748044
[Test worker] WARN net.thucydides.core.steps.BaseStepListener - stepStarted: net.thucydides.core.steps.ExecutedStepDescription@73398d0f
[Test worker] WARN net.thucydides.core.steps.BaseStepListener - stepStarted: net.thucydides.core.steps.ExecutedStepDescription@22c24a50
[Test worker] WARN net.thucydides.core.steps.BaseStepListener - stepFinished: current outcome:Busqueda exitosa empleo choucair:Dado que Arle quiere ingresar al portal de empleos de choucair [Arle abrir [Arle opens the La pagina de inicio]], Y e ingresa a la opcion empleo [Arle abrir la seccion empleo [Arle clicks on Opcion  empleo]], Cuando ella va a la opcion Ir al portal de empleos [Arle ir al porta de em pleos [Arle clicks on Opcion Ir al Portal de Empleos]]
[Test worker] WARN net.thucydides.core.steps.BaseStepListener - stepStarted: net.thucydides.core.steps.ExecutedStepDescription@8b7e342
[Test worker] WARN net.thucydides.core.steps.BaseStepListener - stepFinished: current outcome:Busqueda exitosa empleo choucair:Dado que Arle quiere ingresar al portal de empleos de choucair [Arle abrir [Arle opens the La pagina de inicio]], Y e ingresa a la opcion empleo [Arle abrir la seccion empleo [Arle clicks on Opcion  empleo]], Cuando ella va a la opcion Ir al portal de empleos [Arle ir al porta de em pleos [Arle clicks on Opcion Ir al Portal de Empleos, Arle clicks on Opcion Continuar]]
[Test worker] WARN net.thucydides.core.steps.BaseStepListener - stepFinished: current outcome:Busqueda exitosa empleo choucair:Dado que Arle quiere ingresar al portal de empleos de choucair [Arle abrir [Arle opens the La pagina de inicio]], Y e ingresa a la opcion empleo [Arle abrir la seccion empleo [Arle clicks on Opcion  empleo]], Cuando ella va a la opcion Ir al portal de empleos [Arle ir al porta de em pleos [Arle clicks on Opcion Ir al Portal de Empleos, Arle clicks on Opcion Continuar]]
[Test worker] WARN net.thucydides.core.steps.BaseStepListener - stepFinished: current outcome:Busqueda exitosa empleo choucair:Dado que Arle quiere ingresar al portal de empleos de choucair [Arle abrir [Arle opens the La pagina de inicio]], Y e ingresa a la opcion empleo [Arle abrir la seccion empleo [Arle clicks on Opcion  empleo]], Cuando ella va a la opcion Ir al portal de empleos [Arle ir al porta de em pleos [Arle clicks on Opcion Ir al Portal de Empleos, Arle clicks on Opcion Continuar]]
[Test worker] WARN net.thucydides.core.steps.BaseStepListener - stepStarted: net.thucydides.core.steps.ExecutedStepDescription@707de2f3
[Test worker] WARN net.thucydides.core.steps.BaseStepListener - stepStarted: net.thucydides.core.steps.ExecutedStepDescription@1f3b0bb9
[Test worker] WARN net.thucydides.core.steps.BaseStepListener - stepStarted: net.thucydides.core.steps.ExecutedStepDescription@60b9b6a
[Test worker] WARN net.thucydides.core.steps.BaseStepListener - stepFinished: current outcome:Busqueda exitosa empleo choucair:Dado que Arle quiere ingresar al portal de empleos de choucair [Arle abrir [Arle opens the La pagina de inicio]], Y e ingresa a la opcion empleo [Arle abrir la seccion empleo [Arle clicks on Opcion  empleo]], Cuando ella va a la opcion Ir al portal de empleos [Arle ir al porta de em pleos [Arle clicks on Opcion Ir al Portal de Empleos, Arle clicks on Opcion Continuar]], Y va a Nuestras Vacantes disponibles [Arle ir nuestras vacantes [Arle clicks on Opcion Nuetras Vacantes]]
[Test worker] WARN net.thucydides.core.steps.BaseStepListener - stepStarted: net.thucydides.core.steps.ExecutedStepDescription@16efdc66
[Test worker] WARN net.thucydides.core.steps.BaseStepListener - stepFinished: current outcome:Busqueda exitosa empleo choucair:Dado que Arle quiere ingresar al portal de empleos de choucair [Arle abrir [Arle opens the La pagina de inicio]], Y e ingresa a la opcion empleo [Arle abrir la seccion empleo [Arle clicks on Opcion  empleo]], Cuando ella va a la opcion Ir al portal de empleos [Arle ir al porta de em pleos [Arle clicks on Opcion Ir al Portal de Empleos, Arle clicks on Opcion Continuar]], Y va a Nuestras Vacantes disponibles [Arle ir nuestras vacantes [Arle clicks on Opcion Nuetras Vacantes, Arle enters 'Analista de pruebas en formacion' into opcion Buscar]]
[Test worker] WARN net.thucydides.core.steps.BaseStepListener - stepStarted: net.thucydides.core.steps.ExecutedStepDescription@23aec659
[Test worker] WARN net.thucydides.core.steps.BaseStepListener - stepFinished: current outcome:Busqueda exitosa empleo choucair:Dado que Arle quiere ingresar al portal de empleos de choucair [Arle abrir [Arle opens the La pagina de inicio]], Y e ingresa a la opcion empleo [Arle abrir la seccion empleo [Arle clicks on Opcion  empleo]], Cuando ella va a la opcion Ir al portal de empleos [Arle ir al porta de em pleos [Arle clicks on Opcion Ir al Portal de Empleos, Arle clicks on Opcion Continuar]], Y va a Nuestras Vacantes disponibles [Arle ir nuestras vacantes [Arle clicks on Opcion Nuetras Vacantes, Arle enters 'Analista de pruebas en formacion' into opcion Buscar, Arle clicks on opcion Buscar]]
[Test worker] WARN net.thucydides.core.steps.BaseStepListener - stepFinished: current outcome:Busqueda exitosa empleo choucair:Dado que Arle quiere ingresar al portal de empleos de choucair [Arle abrir [Arle opens the La pagina de inicio]], Y e ingresa a la opcion empleo [Arle abrir la seccion empleo [Arle clicks on Opcion  empleo]], Cuando ella va a la opcion Ir al portal de empleos [Arle ir al porta de em pleos [Arle clicks on Opcion Ir al Portal de Empleos, Arle clicks on Opcion Continuar]], Y va a Nuestras Vacantes disponibles [Arle ir nuestras vacantes [Arle clicks on Opcion Nuetras Vacantes, Arle enters 'Analista de pruebas en formacion' into opcion Buscar, Arle clicks on opcion Buscar]]
[Test worker] WARN net.thucydides.core.steps.BaseStepListener - stepFinished: current outcome:Busqueda exitosa empleo choucair:Dado que Arle quiere ingresar al portal de empleos de choucair [Arle abrir [Arle opens the La pagina de inicio]], Y e ingresa a la opcion empleo [Arle abrir la seccion empleo [Arle clicks on Opcion  empleo]], Cuando ella va a la opcion Ir al portal de empleos [Arle ir al porta de em pleos [Arle clicks on Opcion Ir al Portal de Empleos, Arle clicks on Opcion Continuar]], Y va a Nuestras Vacantes disponibles [Arle ir nuestras vacantes [Arle clicks on Opcion Nuetras Vacantes, Arle enters 'Analista de pruebas en formacion' into opcion Buscar, Arle clicks on opcion Buscar]]
[Test worker] WARN net.thucydides.core.steps.BaseStepListener - stepStarted: net.thucydides.core.steps.ExecutedStepDescription@30951dde
[Test worker] WARN net.thucydides.core.steps.BaseStepListener - stepStarted: net.thucydides.core.steps.ExecutedStepDescription@779741d3
[Test worker] WARN net.thucydides.core.steps.BaseStepListener - stepStarted: net.thucydides.core.steps.ExecutedStepDescription@14e2d182
[Test worker] WARN net.thucydides.core.steps.BaseStepListener - stepFinished: current outcome:Busqueda exitosa empleo choucair:Dado que Arle quiere ingresar al portal de empleos de choucair [Arle abrir [Arle opens the La pagina de inicio]], Y e ingresa a la opcion empleo [Arle abrir la seccion empleo [Arle clicks on Opcion  empleo]], Cuando ella va a la opcion Ir al portal de empleos [Arle ir al porta de em pleos [Arle clicks on Opcion Ir al Portal de Empleos, Arle clicks on Opcion Continuar]], Y va a Nuestras Vacantes disponibles [Arle ir nuestras vacantes [Arle clicks on Opcion Nuetras Vacantes, Arle enters 'Analista de pruebas en formacion' into opcion Buscar, Arle clicks on opcion Buscar]], Entonces ella verifica que el empleo buscado sea el correcto [Arle ver [Arle clicks on opcion ver oferta completa]]
[Test worker] WARN net.thucydides.core.steps.BaseStepListener - stepFinished: current outcome:Busqueda exitosa empleo choucair:Dado que Arle quiere ingresar al portal de empleos de choucair [Arle abrir [Arle opens the La pagina de inicio]], Y e ingresa a la opcion empleo [Arle abrir la seccion empleo [Arle clicks on Opcion  empleo]], Cuando ella va a la opcion Ir al portal de empleos [Arle ir al porta de em pleos [Arle clicks on Opcion Ir al Portal de Empleos, Arle clicks on Opcion Continuar]], Y va a Nuestras Vacantes disponibles [Arle ir nuestras vacantes [Arle clicks on Opcion Nuetras Vacantes, Arle enters 'Analista de pruebas en formacion' into opcion Buscar, Arle clicks on opcion Buscar]], Entonces ella verifica que el empleo buscado sea el correcto [Arle ver [Arle clicks on opcion ver oferta completa]]
[Test worker] WARN net.thucydides.core.steps.BaseStepListener - stepFinished: current outcome:Busqueda exitosa empleo choucair:Dado que Arle quiere ingresar al portal de empleos de choucair [Arle abrir [Arle opens the La pagina de inicio]], Y e ingresa a la opcion empleo [Arle abrir la seccion empleo [Arle clicks on Opcion  empleo]], Cuando ella va a la opcion Ir al portal de empleos [Arle ir al porta de em pleos [Arle clicks on Opcion Ir al Portal de Empleos, Arle clicks on Opcion Continuar]], Y va a Nuestras Vacantes disponibles [Arle ir nuestras vacantes [Arle clicks on Opcion Nuetras Vacantes, Arle enters 'Analista de pruebas en formacion' into opcion Buscar, Arle clicks on opcion Buscar]], Entonces ella verifica que el empleo buscado sea el correcto [Arle ver [Arle clicks on opcion ver oferta completa]]
[Test worker] WARN net.thucydides.core.steps.BaseStepListener - testFinished: Busqueda exitosa empleo choucair:Dado que Arle quiere ingresar al portal de empleos de choucair [Arle abrir [Arle opens the La pagina de inicio]], Y e ingresa a la opcion empleo [Arle abrir la seccion empleo [Arle clicks on Opcion  empleo]], Cuando ella va a la opcion Ir al portal de empleos [Arle ir al porta de em pleos [Arle clicks on Opcion Ir al Portal de Empleos, Arle clicks on Opcion Continuar]], Y va a Nuestras Vacantes disponibles [Arle ir nuestras vacantes [Arle clicks on Opcion Nuetras Vacantes, Arle enters 'Analista de pruebas en formacion' into opcion Buscar, Arle clicks on opcion Buscar]], Entonces ella verifica que el empleo buscado sea el correcto [Arle ver [Arle clicks on opcion ver oferta completa]]
[Test worker] WARN net.thucydides.core.steps.BaseStepListener - TestOutcomes: [Busqueda exitosa empleo choucair:Dado que Arle quiere ingresar al portal de empleos de choucair [Arle abrir [Arle opens the La pagina de inicio]], Y e ingresa a la opcion empleo [Arle abrir la seccion empleo [Arle clicks on Opcion  empleo]], Cuando ella va a la opcion Ir al portal de empleos [Arle ir al porta de em pleos [Arle clicks on Opcion Ir al Portal de Empleos, Arle clicks on Opcion Continuar]], Y va a Nuestras Vacantes disponibles [Arle ir nuestras vacantes [Arle clicks on Opcion Nuetras Vacantes, Arle enters 'Analista de pruebas en formacion' into opcion Buscar, Arle clicks on opcion Buscar]], Entonces ella verifica que el empleo buscado sea el correcto [Arle ver [Arle clicks on opcion ver oferta completa]]]
[Test worker] WARN net.thucydides.core.steps.BaseStepListener - Final testOutcomes: [Busqueda exitosa empleo choucair:Dado que Arle quiere ingresar al portal de empleos de choucair [Arle abrir [Arle opens the La pagina de inicio]], Y e ingresa a la opcion empleo [Arle abrir la seccion empleo [Arle clicks on Opcion  empleo]], Cuando ella va a la opcion Ir al portal de empleos [Arle ir al porta de em pleos [Arle clicks on Opcion Ir al Portal de Empleos, Arle clicks on Opcion Continuar]], Y va a Nuestras Vacantes disponibles [Arle ir nuestras vacantes [Arle clicks on Opcion Nuetras Vacantes, Arle enters 'Analista de pruebas en formacion' into opcion Buscar, Arle clicks on opcion Buscar]], Entonces ella verifica que el empleo buscado sea el correcto [Arle ver [Arle clicks on opcion ver oferta completa]]]
[Test worker] INFO net.thucydides.core.steps.ConsoleLoggingListener - 
        __    _____ _____ ____ _____   ____   _    ____  ____  _____ ____  
  _     \ \  |_   _| ____/ ___|_   _| |  _ \ / \  / ___|/ ___|| ____|  _ \ 
 (_)_____| |   | | |  _| \___ \ | |   | |_) / _ \ \___ \\___ \|  _| | | | |
  _|_____| |   | | | |___ ___) || |   |  __/ ___ \ ___) |___) | |___| |_| |
 (_)     | |   |_| |_____|____/ |_|   |_| /_/   \_\____/|____/|_____|____/ 
        /_/                                                                

TEST PASSED: Busqueda exitosa empleo choucair
----------------------------------------------------------------------------
]]></system-err>
</testsuite>
