<?xml version="1.0" encoding="UTF-8"?>
<testsuite name="Portal empleos choucair" tests="1" skipped="0" failures="0" errors="0" timestamp="2021-06-08T18:45:23" hostname="DESKTOP-S2IR0CO" time="31.667">
  <properties/>
  <testcase name="Busqueda exitosa empleo choucair" classname="Portal empleos choucair" time="31.667"/>
  <system-out><![CDATA[]]></system-out>
  <system-err><![CDATA[[Test worker] WARN net.thucydides.core.steps.BaseStepListener - stepStarted: net.thucydides.core.steps.ExecutedStepDescription@6f74d0de
[Test worker] WARN net.thucydides.core.steps.BaseStepListener - stepStarted: net.thucydides.core.steps.ExecutedStepDescription@1d82fa9e
[Test worker] WARN net.thucydides.core.steps.BaseStepListener - stepStarted: net.thucydides.core.steps.ExecutedStepDescription@3358e04e
jun 08, 2021 1:45:24 PM org.openqa.selenium.remote.DesiredCapabilities chrome
INFORMACIÓN: Using `new ChromeOptions()` is preferred to `DesiredCapabilities.chrome()`
[Test worker] INFO net.serenitybdd.core.webdriver.driverproviders.ProvideNewDriver - Instantiating driver
[Test worker] INFO net.serenitybdd.core.webdriver.driverproviders.ProvideNewDriver - Driver capabilities: Capabilities {acceptInsecureCerts: false, browserName: chrome, chrome.switches: --start-maximized, goog:chromeOptions: {args: [--start-maximized], extensions: []}, loggingPrefs: org.openqa.selenium.logging..., platform: ANY, version: }
Starting ChromeDriver 90.0.4430.24 (4c6d850f087da467d926e8eddb76550aed655991-refs/branch-heads/4430@{#429}) on port 9100
Only local connections are allowed.
Please see https://chromedriver.chromium.org/security-considerations for suggestions on keeping ChromeDriver safe.
ChromeDriver was started successfully.
[1623177927.055][WARNING]: This version of ChromeDriver has not been tested with Chrome version 91.
jun 08, 2021 1:45:27 PM org.openqa.selenium.remote.ProtocolHandshake createSession
INFORMACIÓN: Detected dialect: W3C
[Test worker] WARN net.thucydides.core.steps.BaseStepListener - stepFinished: current outcome:Busqueda exitosa empleo choucair:Dado que Arle quiere ingresar al portal de empleos de choucair [Arle abrir [Arle opens the La pagina de inicio]]
[Test worker] WARN net.thucydides.core.steps.BaseStepListener - stepFinished: current outcome:Busqueda exitosa empleo choucair:Dado que Arle quiere ingresar al portal de empleos de choucair [Arle abrir [Arle opens the La pagina de inicio]]
[Test worker] WARN net.thucydides.core.steps.BaseStepListener - stepFinished: current outcome:Busqueda exitosa empleo choucair:Dado que Arle quiere ingresar al portal de empleos de choucair [Arle abrir [Arle opens the La pagina de inicio]]
[Test worker] WARN net.thucydides.core.steps.BaseStepListener - stepStarted: net.thucydides.core.steps.ExecutedStepDescription@769010dd
[Test worker] WARN net.thucydides.core.steps.BaseStepListener - stepStarted: net.thucydides.core.steps.ExecutedStepDescription@2c031118
[Test worker] WARN net.thucydides.core.steps.BaseStepListener - stepStarted: net.thucydides.core.steps.ExecutedStepDescription@325f1382
[Test worker] WARN net.thucydides.core.steps.BaseStepListener - stepFinished: current outcome:Busqueda exitosa empleo choucair:Dado que Arle quiere ingresar al portal de empleos de choucair [Arle abrir [Arle opens the La pagina de inicio]], Y e ingresa a la opcion empleo [Arle abrir la seccion empleo [Arle clicks on Opcion  empleo]]
[Test worker] WARN net.thucydides.core.steps.BaseStepListener - stepFinished: current outcome:Busqueda exitosa empleo choucair:Dado que Arle quiere ingresar al portal de empleos de choucair [Arle abrir [Arle opens the La pagina de inicio]], Y e ingresa a la opcion empleo [Arle abrir la seccion empleo [Arle clicks on Opcion  empleo]]
[Test worker] WARN net.thucydides.core.steps.BaseStepListener - stepFinished: current outcome:Busqueda exitosa empleo choucair:Dado que Arle quiere ingresar al portal de empleos de choucair [Arle abrir [Arle opens the La pagina de inicio]], Y e ingresa a la opcion empleo [Arle abrir la seccion empleo [Arle clicks on Opcion  empleo]]
[Test worker] WARN net.thucydides.core.steps.BaseStepListener - stepStarted: net.thucydides.core.steps.ExecutedStepDescription@5c5332a3
[Test worker] WARN net.thucydides.core.steps.BaseStepListener - stepStarted: net.thucydides.core.steps.ExecutedStepDescription@78123b8b
[Test worker] WARN net.thucydides.core.steps.BaseStepListener - stepStarted: net.thucydides.core.steps.ExecutedStepDescription@4288c9ad
[Test worker] WARN net.thucydides.core.steps.BaseStepListener - stepFinished: current outcome:Busqueda exitosa empleo choucair:Dado que Arle quiere ingresar al portal de empleos de choucair [Arle abrir [Arle opens the La pagina de inicio]], Y e ingresa a la opcion empleo [Arle abrir la seccion empleo [Arle clicks on Opcion  empleo]], Cuando ella va a la opcion Ir al portal de empleos [Arle ir al porta de em pleos [Arle clicks on Opcion Ir al Portal de Empleos]]
[Test worker] WARN net.thucydides.core.steps.BaseStepListener - stepStarted: net.thucydides.core.steps.ExecutedStepDescription@789c457b
[Test worker] WARN net.thucydides.core.steps.BaseStepListener - stepFinished: current outcome:Busqueda exitosa empleo choucair:Dado que Arle quiere ingresar al portal de empleos de choucair [Arle abrir [Arle opens the La pagina de inicio]], Y e ingresa a la opcion empleo [Arle abrir la seccion empleo [Arle clicks on Opcion  empleo]], Cuando ella va a la opcion Ir al portal de empleos [Arle ir al porta de em pleos [Arle clicks on Opcion Ir al Portal de Empleos, Arle clicks on Opcion Continuar]]
[Test worker] WARN net.thucydides.core.steps.BaseStepListener - stepFinished: current outcome:Busqueda exitosa empleo choucair:Dado que Arle quiere ingresar al portal de empleos de choucair [Arle abrir [Arle opens the La pagina de inicio]], Y e ingresa a la opcion empleo [Arle abrir la seccion empleo [Arle clicks on Opcion  empleo]], Cuando ella va a la opcion Ir al portal de empleos [Arle ir al porta de em pleos [Arle clicks on Opcion Ir al Portal de Empleos, Arle clicks on Opcion Continuar]]
[Test worker] WARN net.thucydides.core.steps.BaseStepListener - stepFinished: current outcome:Busqueda exitosa empleo choucair:Dado que Arle quiere ingresar al portal de empleos de choucair [Arle abrir [Arle opens the La pagina de inicio]], Y e ingresa a la opcion empleo [Arle abrir la seccion empleo [Arle clicks on Opcion  empleo]], Cuando ella va a la opcion Ir al portal de empleos [Arle ir al porta de em pleos [Arle clicks on Opcion Ir al Portal de Empleos, Arle clicks on Opcion Continuar]]
[Test worker] WARN net.thucydides.core.steps.BaseStepListener - stepStarted: net.thucydides.core.steps.ExecutedStepDescription@1383efde
[Test worker] WARN net.thucydides.core.steps.BaseStepListener - stepStarted: net.thucydides.core.steps.ExecutedStepDescription@43ce8353
[Test worker] WARN net.thucydides.core.steps.BaseStepListener - stepStarted: net.thucydides.core.steps.ExecutedStepDescription@bfafdef
[Test worker] WARN net.thucydides.core.steps.BaseStepListener - stepFinished: current outcome:Busqueda exitosa empleo choucair:Dado que Arle quiere ingresar al portal de empleos de choucair [Arle abrir [Arle opens the La pagina de inicio]], Y e ingresa a la opcion empleo [Arle abrir la seccion empleo [Arle clicks on Opcion  empleo]], Cuando ella va a la opcion Ir al portal de empleos [Arle ir al porta de em pleos [Arle clicks on Opcion Ir al Portal de Empleos, Arle clicks on Opcion Continuar]], Y va a Nuestras Vacantes disponibles [Arle ir nuestras vacantes [Arle clicks on Opcion Nuetras Vacantes]]
[Test worker] WARN net.thucydides.core.steps.BaseStepListener - stepStarted: net.thucydides.core.steps.ExecutedStepDescription@5e1361eb
[Test worker] WARN net.thucydides.core.steps.BaseStepListener - stepFinished: current outcome:Busqueda exitosa empleo choucair:Dado que Arle quiere ingresar al portal de empleos de choucair [Arle abrir [Arle opens the La pagina de inicio]], Y e ingresa a la opcion empleo [Arle abrir la seccion empleo [Arle clicks on Opcion  empleo]], Cuando ella va a la opcion Ir al portal de empleos [Arle ir al porta de em pleos [Arle clicks on Opcion Ir al Portal de Empleos, Arle clicks on Opcion Continuar]], Y va a Nuestras Vacantes disponibles [Arle ir nuestras vacantes [Arle clicks on Opcion Nuetras Vacantes, Arle enters 'Analista de pruebas en formacion' into opcion Buscar]]
[Test worker] WARN net.thucydides.core.steps.BaseStepListener - stepStarted: net.thucydides.core.steps.ExecutedStepDescription@1c9672f3
[Test worker] WARN net.thucydides.core.steps.BaseStepListener - stepFinished: current outcome:Busqueda exitosa empleo choucair:Dado que Arle quiere ingresar al portal de empleos de choucair [Arle abrir [Arle opens the La pagina de inicio]], Y e ingresa a la opcion empleo [Arle abrir la seccion empleo [Arle clicks on Opcion  empleo]], Cuando ella va a la opcion Ir al portal de empleos [Arle ir al porta de em pleos [Arle clicks on Opcion Ir al Portal de Empleos, Arle clicks on Opcion Continuar]], Y va a Nuestras Vacantes disponibles [Arle ir nuestras vacantes [Arle clicks on Opcion Nuetras Vacantes, Arle enters 'Analista de pruebas en formacion' into opcion Buscar, Arle clicks on opcion Buscar]]
[Test worker] WARN net.thucydides.core.steps.BaseStepListener - stepFinished: current outcome:Busqueda exitosa empleo choucair:Dado que Arle quiere ingresar al portal de empleos de choucair [Arle abrir [Arle opens the La pagina de inicio]], Y e ingresa a la opcion empleo [Arle abrir la seccion empleo [Arle clicks on Opcion  empleo]], Cuando ella va a la opcion Ir al portal de empleos [Arle ir al porta de em pleos [Arle clicks on Opcion Ir al Portal de Empleos, Arle clicks on Opcion Continuar]], Y va a Nuestras Vacantes disponibles [Arle ir nuestras vacantes [Arle clicks on Opcion Nuetras Vacantes, Arle enters 'Analista de pruebas en formacion' into opcion Buscar, Arle clicks on opcion Buscar]]
[Test worker] WARN net.thucydides.core.steps.BaseStepListener - stepStarted: net.thucydides.core.steps.ExecutedStepDescription@ac89e09
[Test worker] WARN net.thucydides.core.steps.BaseStepListener - stepStarted: net.thucydides.core.steps.ExecutedStepDescription@49bf4d26
[Test worker] WARN net.thucydides.core.steps.BaseStepListener - stepFinished: current outcome:Busqueda exitosa empleo choucair:Dado que Arle quiere ingresar al portal de empleos de choucair [Arle abrir [Arle opens the La pagina de inicio]], Y e ingresa a la opcion empleo [Arle abrir la seccion empleo [Arle clicks on Opcion  empleo]], Cuando ella va a la opcion Ir al portal de empleos [Arle ir al porta de em pleos [Arle clicks on Opcion Ir al Portal de Empleos, Arle clicks on Opcion Continuar]], Y va a Nuestras Vacantes disponibles [Arle ir nuestras vacantes [Arle clicks on Opcion Nuetras Vacantes, Arle enters 'Analista de pruebas en formacion' into opcion Buscar, Arle clicks on opcion Buscar], Arle ver [Arle clicks on opcion ver oferta completa]]
[Test worker] WARN net.thucydides.core.steps.BaseStepListener - stepFinished: current outcome:Busqueda exitosa empleo choucair:Dado que Arle quiere ingresar al portal de empleos de choucair [Arle abrir [Arle opens the La pagina de inicio]], Y e ingresa a la opcion empleo [Arle abrir la seccion empleo [Arle clicks on Opcion  empleo]], Cuando ella va a la opcion Ir al portal de empleos [Arle ir al porta de em pleos [Arle clicks on Opcion Ir al Portal de Empleos, Arle clicks on Opcion Continuar]], Y va a Nuestras Vacantes disponibles [Arle ir nuestras vacantes [Arle clicks on Opcion Nuetras Vacantes, Arle enters 'Analista de pruebas en formacion' into opcion Buscar, Arle clicks on opcion Buscar], Arle ver [Arle clicks on opcion ver oferta completa]]
[Test worker] WARN net.thucydides.core.steps.BaseStepListener - stepFinished: current outcome:Busqueda exitosa empleo choucair:Dado que Arle quiere ingresar al portal de empleos de choucair [Arle abrir [Arle opens the La pagina de inicio]], Y e ingresa a la opcion empleo [Arle abrir la seccion empleo [Arle clicks on Opcion  empleo]], Cuando ella va a la opcion Ir al portal de empleos [Arle ir al porta de em pleos [Arle clicks on Opcion Ir al Portal de Empleos, Arle clicks on Opcion Continuar]], Y va a Nuestras Vacantes disponibles [Arle ir nuestras vacantes [Arle clicks on Opcion Nuetras Vacantes, Arle enters 'Analista de pruebas en formacion' into opcion Buscar, Arle clicks on opcion Buscar], Arle ver [Arle clicks on opcion ver oferta completa]]
[Test worker] WARN net.thucydides.core.steps.BaseStepListener - stepStarted: net.thucydides.core.steps.ExecutedStepDescription@619f6e5a
[Test worker] WARN net.thucydides.core.steps.BaseStepListener - stepFinished: current outcome:Busqueda exitosa empleo choucair:Dado que Arle quiere ingresar al portal de empleos de choucair [Arle abrir [Arle opens the La pagina de inicio]], Y e ingresa a la opcion empleo [Arle abrir la seccion empleo [Arle clicks on Opcion  empleo]], Cuando ella va a la opcion Ir al portal de empleos [Arle ir al porta de em pleos [Arle clicks on Opcion Ir al Portal de Empleos, Arle clicks on Opcion Continuar]], Y va a Nuestras Vacantes disponibles [Arle ir nuestras vacantes [Arle clicks on Opcion Nuetras Vacantes, Arle enters 'Analista de pruebas en formacion' into opcion Buscar, Arle clicks on opcion Buscar], Arle ver [Arle clicks on opcion ver oferta completa]], Entonces ella verifica que el empleo buscado sea el correcto
[Test worker] WARN net.thucydides.core.steps.BaseStepListener - testFinished: Busqueda exitosa empleo choucair:Dado que Arle quiere ingresar al portal de empleos de choucair [Arle abrir [Arle opens the La pagina de inicio]], Y e ingresa a la opcion empleo [Arle abrir la seccion empleo [Arle clicks on Opcion  empleo]], Cuando ella va a la opcion Ir al portal de empleos [Arle ir al porta de em pleos [Arle clicks on Opcion Ir al Portal de Empleos, Arle clicks on Opcion Continuar]], Y va a Nuestras Vacantes disponibles [Arle ir nuestras vacantes [Arle clicks on Opcion Nuetras Vacantes, Arle enters 'Analista de pruebas en formacion' into opcion Buscar, Arle clicks on opcion Buscar], Arle ver [Arle clicks on opcion ver oferta completa]], Entonces ella verifica que el empleo buscado sea el correcto
[Test worker] WARN net.thucydides.core.steps.BaseStepListener - TestOutcomes: [Busqueda exitosa empleo choucair:Dado que Arle quiere ingresar al portal de empleos de choucair [Arle abrir [Arle opens the La pagina de inicio]], Y e ingresa a la opcion empleo [Arle abrir la seccion empleo [Arle clicks on Opcion  empleo]], Cuando ella va a la opcion Ir al portal de empleos [Arle ir al porta de em pleos [Arle clicks on Opcion Ir al Portal de Empleos, Arle clicks on Opcion Continuar]], Y va a Nuestras Vacantes disponibles [Arle ir nuestras vacantes [Arle clicks on Opcion Nuetras Vacantes, Arle enters 'Analista de pruebas en formacion' into opcion Buscar, Arle clicks on opcion Buscar], Arle ver [Arle clicks on opcion ver oferta completa]], Entonces ella verifica que el empleo buscado sea el correcto]
[Test worker] WARN net.thucydides.core.steps.BaseStepListener - Final testOutcomes: [Busqueda exitosa empleo choucair:Dado que Arle quiere ingresar al portal de empleos de choucair [Arle abrir [Arle opens the La pagina de inicio]], Y e ingresa a la opcion empleo [Arle abrir la seccion empleo [Arle clicks on Opcion  empleo]], Cuando ella va a la opcion Ir al portal de empleos [Arle ir al porta de em pleos [Arle clicks on Opcion Ir al Portal de Empleos, Arle clicks on Opcion Continuar]], Y va a Nuestras Vacantes disponibles [Arle ir nuestras vacantes [Arle clicks on Opcion Nuetras Vacantes, Arle enters 'Analista de pruebas en formacion' into opcion Buscar, Arle clicks on opcion Buscar], Arle ver [Arle clicks on opcion ver oferta completa]], Entonces ella verifica que el empleo buscado sea el correcto]
[Test worker] INFO net.thucydides.core.steps.ConsoleLoggingListener - 
        __    _____ _____ ____ _____   ____   _    ____  ____  _____ ____  
  _     \ \  |_   _| ____/ ___|_   _| |  _ \ / \  / ___|/ ___|| ____|  _ \ 
 (_)_____| |   | | |  _| \___ \ | |   | |_) / _ \ \___ \\___ \|  _| | | | |
  _|_____| |   | | | |___ ___) || |   |  __/ ___ \ ___) |___) | |___| |_| |
 (_)     | |   |_| |_____|____/ |_|   |_| /_/   \_\____/|____/|_____|____/ 
        /_/                                                                

TEST PASSED: Busqueda exitosa empleo choucair
----------------------------------------------------------------------------
]]></system-err>
</testsuite>
